\BOOKMARK [0][-]{part.1}{I Rate of Change at a Point}{}% 1
\BOOKMARK [1][-]{section*.1}{RoC at a point}{part.1}% 2
\BOOKMARK [1][-]{section*.2}{RoC at a point}{part.1}% 3
\BOOKMARK [1][-]{section*.3}{RoC at a point}{part.1}% 4
\BOOKMARK [1][-]{section*.4}{RoC at a point}{part.1}% 5
\BOOKMARK [1][-]{section*.5}{RoC at a point}{part.1}% 6
\BOOKMARK [1][-]{section*.6}{RoC at a point}{part.1}% 7
\BOOKMARK [0][-]{part.2}{II Curve Sketching}{}% 8
\BOOKMARK [1][-]{section*.7}{Curve Sketching}{part.2}% 9
\BOOKMARK [1][-]{section*.8}{Curve Sketching}{part.2}% 10
\BOOKMARK [1][-]{section*.9}{Curve Sketching}{part.2}% 11
\BOOKMARK [1][-]{section*.10}{Curve Sketching}{part.2}% 12
\BOOKMARK [1][-]{section*.11}{Curve Sketching}{part.2}% 13
\BOOKMARK [1][-]{section*.12}{Curve Sketching}{part.2}% 14
\BOOKMARK [0][-]{part.3}{III The Power Rule}{}% 15
\BOOKMARK [1][-]{section*.13}{The Power Rule}{part.3}% 16
\BOOKMARK [1][-]{section*.14}{The Power Rule}{part.3}% 17
\BOOKMARK [1][-]{section*.15}{The Power Rule}{part.3}% 18
\BOOKMARK [1][-]{section*.16}{The Power Rule}{part.3}% 19
\BOOKMARK [0][-]{part.4}{IV More Derivative Rules}{}% 20
\BOOKMARK [1][-]{section*.17}{More Derivative Rules}{part.4}% 21
\BOOKMARK [1][-]{section*.18}{More Derivative Rules}{part.4}% 22
\BOOKMARK [1][-]{section*.19}{More Derivative Rules}{part.4}% 23
\BOOKMARK [1][-]{section*.20}{More Derivative Rules}{part.4}% 24
\BOOKMARK [0][-]{part.5}{V The Chain Rule}{}% 25
\BOOKMARK [1][-]{section*.21}{The Chain Rule}{part.5}% 26
\BOOKMARK [1][-]{section*.22}{The Chain Rule}{part.5}% 27
\BOOKMARK [1][-]{section*.23}{The Chain Rule}{part.5}% 28
\BOOKMARK [1][-]{section*.24}{The Chain Rule}{part.5}% 29
\BOOKMARK [0][-]{part.6}{VI Optimization}{}% 30
\BOOKMARK [1][-]{section*.25}{Optimization}{part.6}% 31
\BOOKMARK [1][-]{section*.26}{Optimization}{part.6}% 32
\BOOKMARK [1][-]{section*.27}{Optimization}{part.6}% 33
\BOOKMARK [1][-]{section*.28}{Optimization}{part.6}% 34
\BOOKMARK [0][-]{part.7}{VII Riemann Sums}{}% 35
\BOOKMARK [1][-]{section*.29}{Riemann Sums}{part.7}% 36
\BOOKMARK [1][-]{section*.30}{Riemann Sums}{part.7}% 37
\BOOKMARK [1][-]{section*.31}{Riemann Sums}{part.7}% 38
\BOOKMARK [1][-]{section*.32}{Riemann Sums}{part.7}% 39
\BOOKMARK [0][-]{part.8}{VIII Indefinite Integrals}{}% 40
\BOOKMARK [1][-]{section*.33}{Indefinite Integrals}{part.8}% 41
\BOOKMARK [1][-]{section*.34}{Indefinite Integrals}{part.8}% 42
\BOOKMARK [1][-]{section*.35}{Indefinite Integrals}{part.8}% 43
\BOOKMARK [1][-]{section*.36}{Indefinite Integrals}{part.8}% 44
